<?xml version="1.0" encoding="UTF-8"?>
<!-- Generated by org.testng.reporters.JUnitXMLReporter -->
<testsuite ignored="2" hostname="DESKTOP-ITJ9AKB" failures="0" tests="4" name="Test" time="0.737" errors="0" timestamp="2025-07-10T09:23:53 IST">
  <testcase classname="TestScripts.googlepageTest" name="display1" time="0.035"/>
  <testcase classname="TestScripts.googlepageTest" name="display4" time="0.006"/>
  <testcase classname="TestScripts.googlepageTest" name="display6" time="0.007"/>
  <testcase classname="TestScripts.googlepageTest" name="display7" time="0.007"/>
  <testcase classname="TestScripts.googlepageTest" name="display5" time="0.0">
    <ignored/>
  </testcase> <!-- display5 -->
  <testcase classname="TestScripts.googlepageTest" name="openurl" time="0.0">
    <ignored/>
  </testcase> <!-- openurl -->
</testsuite> <!-- Test -->
