<?xml version="1.0" encoding="UTF-8"?>
<!-- Generated by org.testng.reporters.JUnitXMLReporter -->
<testsuite ignored="0" hostname="DESKTOP-ITJ9AKB" failures="0" tests="8" name="Test" time="104.691" errors="0" timestamp="2025-07-09T14:05:47 IST">
  <testcase classname="TestScripts.googlepagetest_new" name="display" time="0.005"/>
  <testcase classname="TestScripts.googlepagetest_new" name="display1" time="0.002"/>
  <testcase classname="TestScripts.googlepagetest_new" name="display2" time="0.002"/>
  <testcase classname="TestScripts.googlepagetest_new" name="openurl" time="11.127"/>
  <testcase classname="TestScripts.googlepageTest" name="display" time="0.001"/>
  <testcase classname="TestScripts.googlepageTest" name="display1" time="0.002"/>
  <testcase classname="TestScripts.googlepageTest" name="display2" time="0.0"/>
  <testcase classname="TestScripts.googlepageTest" name="openurl" time="8.205"/>
</testsuite> <!-- Test -->
