<?xml version="1.0" encoding="UTF-8"?>
<testng-results ignored="0" total="16" passed="16" failed="0" skipped="0">
  <reporter-output>
  </reporter-output>
  <suite started-at="2025-07-09T14:04:02 IST" name="Suite" finished-at="2025-07-09T14:05:47 IST" duration-ms="104906">
    <groups>
    </groups>
    <test started-at="2025-07-09T14:04:02 IST" name="Test" finished-at="2025-07-09T14:05:47 IST" duration-ms="104691">
      <class name="TestScripts.googlepageTest">
        <test-method is-config="true" signature="setup()[pri:0, instance:TestScripts.googlepageTest@d9345cd]" started-at="2025-07-09T14:05:23 IST" name="setup" finished-at="2025-07-09T14:05:26 IST" duration-ms="3798" status="PASS">
          <reporter-output>
          </reporter-output>
        </test-method> <!-- setup -->
        <test-method signature="display()[pri:0, instance:TestScripts.googlepageTest@d9345cd]" started-at="2025-07-09T14:05:26 IST" name="display" finished-at="2025-07-09T14:05:26 IST" duration-ms="1" status="PASS">
          <reporter-output>
          </reporter-output>
        </test-method> <!-- display -->
        <test-method is-config="true" signature="tearDown()[pri:0, instance:TestScripts.googlepageTest@d9345cd]" started-at="2025-07-09T14:05:26 IST" name="tearDown" finished-at="2025-07-09T14:05:27 IST" duration-ms="1138" status="PASS">
          <reporter-output>
          </reporter-output>
        </test-method> <!-- tearDown -->
        <test-method is-config="true" signature="setup()[pri:0, instance:TestScripts.googlepageTest@d9345cd]" started-at="2025-07-09T14:05:27 IST" name="setup" finished-at="2025-07-09T14:05:31 IST" duration-ms="3105" status="PASS">
          <reporter-output>
          </reporter-output>
        </test-method> <!-- setup -->
        <test-method signature="display1()[pri:0, instance:TestScripts.googlepageTest@d9345cd]" started-at="2025-07-09T14:05:31 IST" name="display1" finished-at="2025-07-09T14:05:31 IST" duration-ms="2" status="PASS">
          <reporter-output>
          </reporter-output>
        </test-method> <!-- display1 -->
        <test-method is-config="true" signature="tearDown()[pri:0, instance:TestScripts.googlepageTest@d9345cd]" started-at="2025-07-09T14:05:31 IST" name="tearDown" finished-at="2025-07-09T14:05:31 IST" duration-ms="763" status="PASS">
          <reporter-output>
          </reporter-output>
        </test-method> <!-- tearDown -->
        <test-method is-config="true" signature="setup()[pri:0, instance:TestScripts.googlepageTest@d9345cd]" started-at="2025-07-09T14:05:31 IST" name="setup" finished-at="2025-07-09T14:05:33 IST" duration-ms="1937" status="PASS">
          <reporter-output>
          </reporter-output>
        </test-method> <!-- setup -->
        <test-method signature="display2()[pri:0, instance:TestScripts.googlepageTest@d9345cd]" started-at="2025-07-09T14:05:33 IST" name="display2" finished-at="2025-07-09T14:05:33 IST" duration-ms="0" status="PASS">
          <reporter-output>
          </reporter-output>
        </test-method> <!-- display2 -->
        <test-method is-config="true" signature="tearDown()[pri:0, instance:TestScripts.googlepageTest@d9345cd]" started-at="2025-07-09T14:05:33 IST" name="tearDown" finished-at="2025-07-09T14:05:35 IST" duration-ms="2102" status="PASS">
          <reporter-output>
          </reporter-output>
        </test-method> <!-- tearDown -->
        <test-method is-config="true" signature="setup()[pri:0, instance:TestScripts.googlepageTest@d9345cd]" started-at="2025-07-09T14:05:35 IST" name="setup" finished-at="2025-07-09T14:05:38 IST" duration-ms="2220" status="PASS">
          <reporter-output>
          </reporter-output>
        </test-method> <!-- setup -->
        <test-method signature="openurl()[pri:0, instance:TestScripts.googlepageTest@d9345cd]" started-at="2025-07-09T14:05:38 IST" name="openurl" finished-at="2025-07-09T14:05:46 IST" duration-ms="8205" status="PASS">
          <reporter-output>
          </reporter-output>
        </test-method> <!-- openurl -->
        <test-method is-config="true" signature="tearDown()[pri:0, instance:TestScripts.googlepageTest@d9345cd]" started-at="2025-07-09T14:05:46 IST" name="tearDown" finished-at="2025-07-09T14:05:47 IST" duration-ms="1167" status="PASS">
          <reporter-output>
          </reporter-output>
        </test-method> <!-- tearDown -->
      </class> <!-- TestScripts.googlepageTest -->
      <class name="TestScripts.googlepagetest_new">
        <test-method is-config="true" signature="setup()[pri:0, instance:TestScripts.googlepagetest_new@7c711375]" started-at="2025-07-09T14:04:02 IST" name="setup" finished-at="2025-07-09T14:04:51 IST" duration-ms="48836" status="PASS">
          <reporter-output>
          </reporter-output>
        </test-method> <!-- setup -->
        <test-method signature="display()[pri:0, instance:TestScripts.googlepagetest_new@7c711375]" started-at="2025-07-09T14:04:51 IST" name="display" finished-at="2025-07-09T14:04:51 IST" duration-ms="5" status="PASS">
          <reporter-output>
          </reporter-output>
        </test-method> <!-- display -->
        <test-method is-config="true" signature="tearDown()[pri:0, instance:TestScripts.googlepagetest_new@7c711375]" started-at="2025-07-09T14:04:51 IST" name="tearDown" finished-at="2025-07-09T14:04:54 IST" duration-ms="2509" status="PASS">
          <reporter-output>
          </reporter-output>
        </test-method> <!-- tearDown -->
        <test-method is-config="true" signature="setup()[pri:0, instance:TestScripts.googlepagetest_new@7c711375]" started-at="2025-07-09T14:04:54 IST" name="setup" finished-at="2025-07-09T14:04:58 IST" duration-ms="4122" status="PASS">
          <reporter-output>
          </reporter-output>
        </test-method> <!-- setup -->
        <test-method signature="display1()[pri:0, instance:TestScripts.googlepagetest_new@7c711375]" started-at="2025-07-09T14:04:58 IST" name="display1" finished-at="2025-07-09T14:04:58 IST" duration-ms="2" status="PASS">
          <reporter-output>
          </reporter-output>
        </test-method> <!-- display1 -->
        <test-method is-config="true" signature="tearDown()[pri:0, instance:TestScripts.googlepagetest_new@7c711375]" started-at="2025-07-09T14:04:58 IST" name="tearDown" finished-at="2025-07-09T14:05:03 IST" duration-ms="4977" status="PASS">
          <reporter-output>
          </reporter-output>
        </test-method> <!-- tearDown -->
        <test-method is-config="true" signature="setup()[pri:0, instance:TestScripts.googlepagetest_new@7c711375]" started-at="2025-07-09T14:05:03 IST" name="setup" finished-at="2025-07-09T14:05:06 IST" duration-ms="2822" status="PASS">
          <reporter-output>
          </reporter-output>
        </test-method> <!-- setup -->
        <test-method signature="display2()[pri:0, instance:TestScripts.googlepagetest_new@7c711375]" started-at="2025-07-09T14:05:06 IST" name="display2" finished-at="2025-07-09T14:05:06 IST" duration-ms="2" status="PASS">
          <reporter-output>
          </reporter-output>
        </test-method> <!-- display2 -->
        <test-method is-config="true" signature="tearDown()[pri:0, instance:TestScripts.googlepagetest_new@7c711375]" started-at="2025-07-09T14:05:06 IST" name="tearDown" finished-at="2025-07-09T14:05:07 IST" duration-ms="1396" status="PASS">
          <reporter-output>
          </reporter-output>
        </test-method> <!-- tearDown -->
        <test-method is-config="true" signature="setup()[pri:0, instance:TestScripts.googlepagetest_new@7c711375]" started-at="2025-07-09T14:05:07 IST" name="setup" finished-at="2025-07-09T14:05:10 IST" duration-ms="2924" status="PASS">
          <reporter-output>
          </reporter-output>
        </test-method> <!-- setup -->
        <test-method signature="openurl()[pri:0, instance:TestScripts.googlepagetest_new@7c711375]" started-at="2025-07-09T14:05:10 IST" name="openurl" finished-at="2025-07-09T14:05:21 IST" duration-ms="11127" status="PASS">
          <reporter-output>
          </reporter-output>
        </test-method> <!-- openurl -->
        <test-method is-config="true" signature="tearDown()[pri:0, instance:TestScripts.googlepagetest_new@7c711375]" started-at="2025-07-09T14:05:21 IST" name="tearDown" finished-at="2025-07-09T14:05:23 IST" duration-ms="1379" status="PASS">
          <reporter-output>
          </reporter-output>
        </test-method> <!-- tearDown -->
      </class> <!-- TestScripts.googlepagetest_new -->
    </test> <!-- Test -->
    <test started-at="2025-07-09T14:04:02 IST" name="Test1" finished-at="2025-07-09T14:05:47 IST" duration-ms="104906">
      <class name="TestScripts.googlepageTest">
        <test-method is-config="true" signature="setup()[pri:0, instance:TestScripts.googlepageTest@38cee291]" started-at="2025-07-09T14:05:23 IST" name="setup" finished-at="2025-07-09T14:05:26 IST" duration-ms="2795" status="PASS">
          <reporter-output>
          </reporter-output>
        </test-method> <!-- setup -->
        <test-method signature="display()[pri:0, instance:TestScripts.googlepageTest@38cee291]" started-at="2025-07-09T14:05:26 IST" name="display" finished-at="2025-07-09T14:05:26 IST" duration-ms="2" status="PASS">
          <reporter-output>
          </reporter-output>
        </test-method> <!-- display -->
        <test-method is-config="true" signature="tearDown()[pri:0, instance:TestScripts.googlepageTest@38cee291]" started-at="2025-07-09T14:05:26 IST" name="tearDown" finished-at="2025-07-09T14:05:27 IST" duration-ms="1258" status="PASS">
          <reporter-output>
          </reporter-output>
        </test-method> <!-- tearDown -->
        <test-method is-config="true" signature="setup()[pri:0, instance:TestScripts.googlepageTest@38cee291]" started-at="2025-07-09T14:05:27 IST" name="setup" finished-at="2025-07-09T14:05:29 IST" duration-ms="2121" status="PASS">
          <reporter-output>
          </reporter-output>
        </test-method> <!-- setup -->
        <test-method signature="display1()[pri:0, instance:TestScripts.googlepageTest@38cee291]" started-at="2025-07-09T14:05:29 IST" name="display1" finished-at="2025-07-09T14:05:29 IST" duration-ms="1" status="PASS">
          <reporter-output>
          </reporter-output>
        </test-method> <!-- display1 -->
        <test-method is-config="true" signature="tearDown()[pri:0, instance:TestScripts.googlepageTest@38cee291]" started-at="2025-07-09T14:05:29 IST" name="tearDown" finished-at="2025-07-09T14:05:31 IST" duration-ms="2372" status="PASS">
          <reporter-output>
          </reporter-output>
        </test-method> <!-- tearDown -->
        <test-method is-config="true" signature="setup()[pri:0, instance:TestScripts.googlepageTest@38cee291]" started-at="2025-07-09T14:05:31 IST" name="setup" finished-at="2025-07-09T14:05:35 IST" duration-ms="3021" status="PASS">
          <reporter-output>
          </reporter-output>
        </test-method> <!-- setup -->
        <test-method is-config="true" signature="tearDown()[pri:0, instance:TestScripts.googlepageTest@38cee291]" started-at="2025-07-09T14:05:35 IST" name="tearDown" finished-at="2025-07-09T14:05:35 IST" duration-ms="972" status="PASS">
          <reporter-output>
          </reporter-output>
        </test-method> <!-- tearDown -->
        <test-method signature="display2()[pri:0, instance:TestScripts.googlepageTest@38cee291]" started-at="2025-07-09T14:05:35 IST" name="display2" finished-at="2025-07-09T14:05:35 IST" duration-ms="0" status="PASS">
          <reporter-output>
          </reporter-output>
        </test-method> <!-- display2 -->
        <test-method is-config="true" signature="setup()[pri:0, instance:TestScripts.googlepageTest@38cee291]" started-at="2025-07-09T14:05:35 IST" name="setup" finished-at="2025-07-09T14:05:39 IST" duration-ms="3077" status="PASS">
          <reporter-output>
          </reporter-output>
        </test-method> <!-- setup -->
        <test-method signature="openurl()[pri:0, instance:TestScripts.googlepageTest@38cee291]" started-at="2025-07-09T14:05:39 IST" name="openurl" finished-at="2025-07-09T14:05:46 IST" duration-ms="7793" status="PASS">
          <reporter-output>
          </reporter-output>
        </test-method> <!-- openurl -->
        <test-method is-config="true" signature="tearDown()[pri:0, instance:TestScripts.googlepageTest@38cee291]" started-at="2025-07-09T14:05:46 IST" name="tearDown" finished-at="2025-07-09T14:05:47 IST" duration-ms="844" status="PASS">
          <reporter-output>
          </reporter-output>
        </test-method> <!-- tearDown -->
      </class> <!-- TestScripts.googlepageTest -->
      <class name="TestScripts.googlepagetest_new">
        <test-method is-config="true" signature="setup()[pri:0, instance:TestScripts.googlepagetest_new@791f145a]" started-at="2025-07-09T14:04:02 IST" name="setup" finished-at="2025-07-09T14:04:51 IST" duration-ms="48835" status="PASS">
          <reporter-output>
          </reporter-output>
        </test-method> <!-- setup -->
        <test-method signature="display()[pri:0, instance:TestScripts.googlepagetest_new@791f145a]" started-at="2025-07-09T14:04:51 IST" name="display" finished-at="2025-07-09T14:04:51 IST" duration-ms="4" status="PASS">
          <reporter-output>
          </reporter-output>
        </test-method> <!-- display -->
        <test-method is-config="true" signature="tearDown()[pri:0, instance:TestScripts.googlepagetest_new@791f145a]" started-at="2025-07-09T14:04:51 IST" name="tearDown" finished-at="2025-07-09T14:04:54 IST" duration-ms="3036" status="PASS">
          <reporter-output>
          </reporter-output>
        </test-method> <!-- tearDown -->
        <test-method is-config="true" signature="setup()[pri:0, instance:TestScripts.googlepagetest_new@791f145a]" started-at="2025-07-09T14:04:54 IST" name="setup" finished-at="2025-07-09T14:04:58 IST" duration-ms="3785" status="PASS">
          <reporter-output>
          </reporter-output>
        </test-method> <!-- setup -->
        <test-method signature="display1()[pri:0, instance:TestScripts.googlepagetest_new@791f145a]" started-at="2025-07-09T14:04:58 IST" name="display1" finished-at="2025-07-09T14:04:58 IST" duration-ms="2" status="PASS">
          <reporter-output>
          </reporter-output>
        </test-method> <!-- display1 -->
        <test-method is-config="true" signature="tearDown()[pri:0, instance:TestScripts.googlepagetest_new@791f145a]" started-at="2025-07-09T14:04:58 IST" name="tearDown" finished-at="2025-07-09T14:05:03 IST" duration-ms="4786" status="PASS">
          <reporter-output>
          </reporter-output>
        </test-method> <!-- tearDown -->
        <test-method is-config="true" signature="setup()[pri:0, instance:TestScripts.googlepagetest_new@791f145a]" started-at="2025-07-09T14:05:03 IST" name="setup" finished-at="2025-07-09T14:05:06 IST" duration-ms="3250" status="PASS">
          <reporter-output>
          </reporter-output>
        </test-method> <!-- setup -->
        <test-method signature="display2()[pri:0, instance:TestScripts.googlepagetest_new@791f145a]" started-at="2025-07-09T14:05:06 IST" name="display2" finished-at="2025-07-09T14:05:06 IST" duration-ms="0" status="PASS">
          <reporter-output>
          </reporter-output>
        </test-method> <!-- display2 -->
        <test-method is-config="true" signature="tearDown()[pri:0, instance:TestScripts.googlepagetest_new@791f145a]" started-at="2025-07-09T14:05:06 IST" name="tearDown" finished-at="2025-07-09T14:05:07 IST" duration-ms="918" status="PASS">
          <reporter-output>
          </reporter-output>
        </test-method> <!-- tearDown -->
        <test-method is-config="true" signature="setup()[pri:0, instance:TestScripts.googlepagetest_new@791f145a]" started-at="2025-07-09T14:05:07 IST" name="setup" finished-at="2025-07-09T14:05:11 IST" duration-ms="3791" status="PASS">
          <reporter-output>
          </reporter-output>
        </test-method> <!-- setup -->
        <test-method signature="openurl()[pri:0, instance:TestScripts.googlepagetest_new@791f145a]" started-at="2025-07-09T14:05:11 IST" name="openurl" finished-at="2025-07-09T14:05:22 IST" duration-ms="11029" status="PASS">
          <reporter-output>
          </reporter-output>
        </test-method> <!-- openurl -->
        <test-method is-config="true" signature="tearDown()[pri:0, instance:TestScripts.googlepagetest_new@791f145a]" started-at="2025-07-09T14:05:22 IST" name="tearDown" finished-at="2025-07-09T14:05:23 IST" duration-ms="1055" status="PASS">
          <reporter-output>
          </reporter-output>
        </test-method> <!-- tearDown -->
      </class> <!-- TestScripts.googlepagetest_new -->
    </test> <!-- Test1 -->
  </suite> <!-- Suite -->
</testng-results>
